<?xml version="1.0" encoding="UTF-8"?>
<testsuite xmlns:xsi="http://www.w3.org/2001/XMLSchema-instance" xsi:noNamespaceSchemaLocation="https://maven.apache.org/surefire/maven-surefire-plugin/xsd/surefire-test-report-3.0.xsd" version="3.0" name="io.github.validationkit.samples.ValidationIntegrationTest" time="1.135" tests="3" errors="0" skipped="0" failures="0">
  <properties>
[...]
</properties>
  <testcase name="shouldReturn200ForValidRequest" classname="io.github.validationkit.samples.ValidationIntegrationTest" time="0.33">
    <system-out><![CDATA[00:01:10.895 [main] INFO org.springframework.test.context.support.AnnotationConfigContextLoaderUtils -- Could not detect default configuration classes for test class [io.github.validationkit.samples.ValidationIntegrationTest]: ValidationIntegrationTest does not declare any static, non-private, non-final, nested classes annotated with @Configuration.
00:01:10.945 [main] INFO org.springframework.boot.test.context.SpringBootTestContextBootstrapper -- Found @SpringBootConfiguration io.github.validationkit.samples.ValidationSamplesApplication for test class io.github.validationkit.samples.ValidationIntegrationTest
  .   ____          _            __ _ _
 /\\ / ___'_ __ _ _(_)_ __  __ _ \ \ \ \
( ( )\___ | '_ | '_| | '_ \/ _` | \ \ \ \
 \\/  ___)| |_)| | | | | || (_| |  ) ) ) )
  '  |____| .__|_| |_|_| |_\__, | / / / /
 =========|_|==============|___/=/_/_/_/

 :: Spring Boot ::                (v3.3.0)

2026-02-08T00:01:11.065+05:30  INFO 21214 --- [           main] i.g.v.samples.ValidationIntegrationTest  : Starting ValidationIntegrationTest using Java 25 with PID 21214 (started by hrushikeshjoshi in /Users/hrushikeshjoshi/Documents/Coding Projects/validation-kit/validation-samples)
2026-02-08T00:01:11.065+05:30  INFO 21214 --- [           main] i.g.v.samples.ValidationIntegrationTest  : No active profile set, falling back to 1 default profile: "default"
2026-02-08T00:01:11.544+05:30  INFO 21214 --- [           main] o.s.b.t.m.w.SpringBootMockServletContext : Initializing Spring TestDispatcherServlet ''
2026-02-08T00:01:11.544+05:30  INFO 21214 --- [           main] o.s.t.web.servlet.TestDispatcherServlet  : Initializing Servlet ''
2026-02-08T00:01:11.548+05:30  INFO 21214 --- [           main] o.s.b.a.e.web.EndpointLinksResolver      : Exposing 1 endpoint beneath base path '/actuator'
2026-02-08T00:01:11.551+05:30  INFO 21214 --- [           main] o.s.t.web.servlet.TestDispatcherServlet  : Completed initialization in 7 ms
2026-02-08T00:01:11.571+05:30  INFO 21214 --- [           main] i.g.v.samples.ValidationIntegrationTest  : Started ValidationIntegrationTest in 0.587 seconds (process running for 0.91)
]]></system-out>
    <system-err><![CDATA[WARNING: A Java agent has been loaded dynamically (/Users/hrushikeshjoshi/.m2/repository/net/bytebuddy/byte-buddy-agent/1.14.16/byte-buddy-agent-1.14.16.jar)
WARNING: If a serviceability tool is in use, please run with -XX:+EnableDynamicAgentLoading to hide this warning
WARNING: If a serviceability tool is not in use, please run with -Djdk.instrument.traceUsage for more information
WARNING: Dynamic loading of agents will be disallowed by default in a future release
]]></system-err>
  </testcase>
  <testcase name="shouldReturn400ForInvalidRequest" classname="io.github.validationkit.samples.ValidationIntegrationTest" time="0.016"/>
  <testcase name="shouldReturn400ForInvalidBase64" classname="io.github.validationkit.samples.ValidationIntegrationTest" time="0.003"/>
</testsuite>